[
  {
    "level": "INFO",
    "message": "android.ndkVersion from module build.gradle is 21.3.6528147"
  },
  {
    "level": "INFO",
    "message": "ndk.dir in local.properties is not set"
  },
  {
    "level": "INFO",
    "message": "ANDROID_NDK_HOME environment variable is not set"
  },
  {
    "level": "INFO",
    "message": "sdkFolder is /Volumes/Viper/Android/sdk"
  },
  {
    "level": "INFO",
    "message": "Considering /Volumes/Viper/Android/sdk/ndk-bundle in SDK ndk-bundle folder"
  },
  {
    "level": "INFO",
    "message": "Considering /Volumes/Viper/Android/sdk/ndk/20.1.5948944 in SDK ndk folder"
  },
  {
    "level": "INFO",
    "message": "Considering /Volumes/Viper/Android/sdk/ndk/17.2.4988734 in SDK ndk folder"
  },
  {
    "level": "INFO",
    "message": "Considering /Volumes/Viper/Android/sdk/ndk/16.1.4479499 in SDK ndk folder"
  },
  {
    "level": "INFO",
    "message": "Considering /Volumes/Viper/Android/sdk/ndk/20.0.5594570 in SDK ndk folder"
  },
  {
    "level": "INFO",
    "message": "Considering /Volumes/Viper/Android/sdk/ndk/21.3.6528147 in SDK ndk folder"
  },
  {
    "level": "INFO",
    "message": "Considering /Volumes/Viper/Android/sdk/ndk/21.0.6113669 in SDK ndk folder"
  },
  {
    "level": "INFO",
    "message": "Considering /Volumes/Viper/Android/sdk/ndk/18.1.5063045 in SDK ndk folder"
  },
  {
    "level": "INFO",
    "message": "Considering /Volumes/Viper/Android/sdk/ndk/19.2.5345600 in SDK ndk folder"
  },
  {
    "level": "INFO",
    "message": "Rejected /Volumes/Viper/Android/sdk/ndk-bundle in SDK ndk-bundle folder because that location has no source.properties"
  },
  {
    "level": "INFO",
    "message": "Found requested NDK version 21.3.6528147 at /Volumes/Viper/Android/sdk/ndk/21.3.6528147"
  }
]